<?xml version="1.0" encoding="UTF-8"?>
<testsuite name="com.fitnessrepcounter.wear.presentation.viewmodel.HomeViewModelTest" tests="2" skipped="0" failures="0" errors="0" timestamp="2026-03-07T13:48:30" hostname="EFECAN" time="0.016">
  <properties/>
  <testcase name="startWorkoutDestination_allowsReservedActiveTrial" classname="com.fitnessrepcounter.wear.presentation.viewmodel.HomeViewModelTest" time="0.013"/>
  <testcase name="startWorkoutDestination_goesToPaywallWhenFreeLimitIsExhausted" classname="com.fitnessrepcounter.wear.presentation.viewmodel.HomeViewModelTest" time="0.003"/>
  <system-out><![CDATA[]]></system-out>
  <system-err><![CDATA[]]></system-err>
</testsuite>
