<?xml version="1.0" encoding="UTF-8"?>
<testsuite name="com.fitnessrepcounter.wear.presentation.viewmodel.WorkoutViewModelTest" tests="6" skipped="0" failures="0" errors="0" timestamp="2026-03-07T13:48:30" hostname="EFECAN" time="0.038">
  <properties/>
  <testcase name="repThreshold_requiresAtLeastThreeReps" classname="com.fitnessrepcounter.wear.presentation.viewmodel.WorkoutViewModelTest" time="0.001"/>
  <testcase name="threeDetectedReps_consumesTrial" classname="com.fitnessrepcounter.wear.presentation.viewmodel.WorkoutViewModelTest" time="0.022"/>
  <testcase name="manualRep_consumesReservedTrialImmediately" classname="com.fitnessrepcounter.wear.presentation.viewmodel.WorkoutViewModelTest" time="0.003"/>
  <testcase name="discardWorkout_doesNotPersist_orConsumeFreeUse" classname="com.fitnessrepcounter.wear.presentation.viewmodel.WorkoutViewModelTest" time="0.005"/>
  <testcase name="saveWorkout_persistsWorkout_andConsumesFreeUse" classname="com.fitnessrepcounter.wear.presentation.viewmodel.WorkoutViewModelTest" time="0.003"/>
  <testcase name="activeWorkoutThreshold_consumesReservedTrialWithoutCompletion" classname="com.fitnessrepcounter.wear.presentation.viewmodel.WorkoutViewModelTest" time="0.002"/>
  <system-out><![CDATA[]]></system-out>
  <system-err><![CDATA[]]></system-err>
</testsuite>
