<?xml version="1.0" encoding="UTF-8"?>
<testsuite name="com.fitnessrepcounter.wear.presentation.viewmodel.PaywallViewModelTest" tests="2" skipped="0" failures="0" errors="0" timestamp="2026-03-07T13:48:30" hostname="EFECAN" time="0.008">
  <properties/>
  <testcase name="init_syncsBilling_andEnablesUnlockWhenOfferIsReady" classname="com.fitnessrepcounter.wear.presentation.viewmodel.PaywallViewModelTest" time="0.005"/>
  <testcase name="init_keepsUnlockDisabledWhenProductIsUnavailable" classname="com.fitnessrepcounter.wear.presentation.viewmodel.PaywallViewModelTest" time="0.003"/>
  <system-out><![CDATA[]]></system-out>
  <system-err><![CDATA[]]></system-err>
</testsuite>
