<?xml version="1.0" encoding="UTF-8"?>
<testsuite name="com.fitnessrepcounter.wear.data.repository.EntitlementRepositoryImplTest" tests="8" skipped="0" failures="1" errors="0" timestamp="2026-03-07T13:46:16" hostname="EFECAN" time="0.357">
  <properties/>
  <testcase name="refillFreeTrialsForDebug_resetsUsage_withoutUnlockingPro" classname="com.fitnessrepcounter.wear.data.repository.EntitlementRepositoryImplTest" time="0.255"/>
  <testcase name="syncBillingState_delegatesToBillingClient" classname="com.fitnessrepcounter.wear.data.repository.EntitlementRepositoryImplTest" time="0.002"/>
  <testcase name="reserveAndClearActiveTrial_preservesFreeUseWhenNeverConsumed" classname="com.fitnessrepcounter.wear.data.repository.EntitlementRepositoryImplTest" time="0.015"/>
  <testcase name="activeReservation_keepsWorkoutStartAvailable_whenFreeCountIsExhausted" classname="com.fitnessrepcounter.wear.data.repository.EntitlementRepositoryImplTest" time="0.025"/>
  <testcase name="pendingBillingPurchase_doesNotUnlockPro" classname="com.fitnessrepcounter.wear.data.repository.EntitlementRepositoryImplTest" time="0.007"/>
  <testcase name="reconcileCompletedWorkoutUsage_usesSavedWorkoutCount" classname="com.fitnessrepcounter.wear.data.repository.EntitlementRepositoryImplTest" time="0.012"/>
  <testcase name="consumeActiveTrialSession_capsAtThree_andOnlyConsumesOncePerReservation" classname="com.fitnessrepcounter.wear.data.repository.EntitlementRepositoryImplTest" time="0.03"/>
  <testcase name="ownedBillingPurchase_unlocksPro" classname="com.fitnessrepcounter.wear.data.repository.EntitlementRepositoryImplTest" time="0.01">
    <failure message="kotlinx.coroutines.TimeoutCancellationException: Timed out after 5s of _virtual_ (kotlinx.coroutines.test) time. To use the real time, wrap 'withTimeout' in 'withContext(Dispatchers.Default.limitedParallelism(1))'" type="kotlinx.coroutines.TimeoutCancellationException">kotlinx.coroutines.TimeoutCancellationException: Timed out after 5s of _virtual_ (kotlinx.coroutines.test) time. To use the real time, wrap 'withTimeout' in 'withContext(Dispatchers.Default.limitedParallelism(1))'
	at app//kotlinx.coroutines.TimeoutKt.TimeoutCancellationException(Timeout.kt:188)
	at app//kotlinx.coroutines.TimeoutCoroutine.run(Timeout.kt:156)
	at app//kotlinx.coroutines.test.TestDispatcher.processEvent$kotlinx_coroutines_test(TestDispatcher.kt:24)
	at app//kotlinx.coroutines.test.TestCoroutineScheduler.tryRunNextTaskUnless$kotlinx_coroutines_test(TestCoroutineScheduler.kt:99)
	at app//kotlinx.coroutines.test.TestBuildersKt__TestBuildersKt$runTest$2$1$workRunner$1.invokeSuspend(TestBuilders.kt:322)
	at _COROUTINE._BOUNDARY._(CoroutineDebugging.kt:42)
	at kotlinx.coroutines.flow.FlowKt__ChannelsKt.emitAllImpl$FlowKt__ChannelsKt(Channels.kt:32)
	at kotlinx.coroutines.flow.internal.ChannelFlow$collect$2.invokeSuspend(ChannelFlow.kt:119)
	at kotlinx.coroutines.flow.FlowKt__ReduceKt.first(Reduce.kt:179)
	at com.fitnessrepcounter.wear.data.repository.EntitlementRepositoryImplTest$ownedBillingPurchase_unlocksPro$1$state$1.invokeSuspend(EntitlementRepositoryImplTest.kt:111)
	at com.fitnessrepcounter.wear.data.repository.EntitlementRepositoryImplTest$ownedBillingPurchase_unlocksPro$1.invokeSuspend(EntitlementRepositoryImplTest.kt:111)
	at kotlinx.coroutines.test.TestBuildersKt__TestBuildersKt$runTest$2$1$1.invokeSuspend(TestBuilders.kt:316)
Caused by: kotlinx.coroutines.TimeoutCancellationException: Timed out after 5s of _virtual_ (kotlinx.coroutines.test) time. To use the real time, wrap 'withTimeout' in 'withContext(Dispatchers.Default.limitedParallelism(1))'
	at app//kotlinx.coroutines.TimeoutKt.TimeoutCancellationException(Timeout.kt:188)
	at app//kotlinx.coroutines.TimeoutCoroutine.run(Timeout.kt:156)
	at app//kotlinx.coroutines.test.TestDispatcher.processEvent$kotlinx_coroutines_test(TestDispatcher.kt:24)
	at app//kotlinx.coroutines.test.TestCoroutineScheduler.tryRunNextTaskUnless$kotlinx_coroutines_test(TestCoroutineScheduler.kt:99)
	at app//kotlinx.coroutines.test.TestBuildersKt__TestBuildersKt$runTest$2$1$workRunner$1.invokeSuspend(TestBuilders.kt:322)
	at app//kotlin.coroutines.jvm.internal.BaseContinuationImpl.resumeWith(ContinuationImpl.kt:33)
	at app//kotlinx.coroutines.DispatchedTask.run(DispatchedTask.kt:104)
	at app//kotlinx.coroutines.EventLoopImplBase.processNextEvent(EventLoop.common.kt:277)
	at app//kotlinx.coroutines.BlockingCoroutine.joinBlocking(Builders.kt:95)
	at app//kotlinx.coroutines.BuildersKt__BuildersKt.runBlocking(Builders.kt:69)
	at app//kotlinx.coroutines.BuildersKt.runBlocking(Unknown Source)
	at app//kotlinx.coroutines.BuildersKt__BuildersKt.runBlocking$default(Builders.kt:48)
	at app//kotlinx.coroutines.BuildersKt.runBlocking$default(Unknown Source)
	at app//kotlinx.coroutines.test.TestBuildersJvmKt.createTestResult(TestBuildersJvm.kt:10)
	at app//kotlinx.coroutines.test.TestBuildersKt__TestBuildersKt.runTest-8Mi8wO0(TestBuilders.kt:310)
	at app//kotlinx.coroutines.test.TestBuildersKt.runTest-8Mi8wO0(Unknown Source)
	at app//kotlinx.coroutines.test.TestBuildersKt__TestBuildersKt.runTest-8Mi8wO0(TestBuilders.kt:168)
	at app//kotlinx.coroutines.test.TestBuildersKt.runTest-8Mi8wO0(Unknown Source)
	at app//kotlinx.coroutines.test.TestBuildersKt__TestBuildersKt.runTest-8Mi8wO0$default(TestBuilders.kt:160)
	at app//kotlinx.coroutines.test.TestBuildersKt.runTest-8Mi8wO0$default(Unknown Source)
	at app//com.fitnessrepcounter.wear.data.repository.EntitlementRepositoryImplTest.ownedBillingPurchase_unlocksPro(EntitlementRepositoryImplTest.kt:105)
	at java.base@17.0.15/jdk.internal.reflect.NativeMethodAccessorImpl.invoke0(Native Method)
	at java.base@17.0.15/jdk.internal.reflect.NativeMethodAccessorImpl.invoke(NativeMethodAccessorImpl.java:77)
	at java.base@17.0.15/jdk.internal.reflect.DelegatingMethodAccessorImpl.invoke(DelegatingMethodAccessorImpl.java:43)
	at java.base@17.0.15/java.lang.reflect.Method.invoke(Method.java:568)
	at app//org.junit.runners.model.FrameworkMethod$1.runReflectiveCall(FrameworkMethod.java:59)
	at app//org.junit.internal.runners.model.ReflectiveCallable.run(ReflectiveCallable.java:12)
	at app//org.junit.runners.model.FrameworkMethod.invokeExplosively(FrameworkMethod.java:56)
	at app//org.junit.internal.runners.statements.InvokeMethod.evaluate(InvokeMethod.java:17)
	at app//org.junit.runners.ParentRunner$3.evaluate(ParentRunner.java:306)
	at app//org.junit.runners.BlockJUnit4ClassRunner$1.evaluate(BlockJUnit4ClassRunner.java:100)
	at app//org.junit.runners.ParentRunner.runLeaf(ParentRunner.java:366)
	at app//org.junit.runners.BlockJUnit4ClassRunner.runChild(BlockJUnit4ClassRunner.java:103)
	at app//org.junit.runners.BlockJUnit4ClassRunner.runChild(BlockJUnit4ClassRunner.java:63)
	at app//org.junit.runners.ParentRunner$4.run(ParentRunner.java:331)
	at app//org.junit.runners.ParentRunner$1.schedule(ParentRunner.java:79)
	at app//org.junit.runners.ParentRunner.runChildren(ParentRunner.java:329)
	at app//org.junit.runners.ParentRunner.access$100(ParentRunner.java:66)
	at app//org.junit.runners.ParentRunner$2.evaluate(ParentRunner.java:293)
	at app//org.junit.runners.ParentRunner$3.evaluate(ParentRunner.java:306)
	at app//org.junit.runners.ParentRunner.run(ParentRunner.java:413)
	at org.gradle.api.internal.tasks.testing.junit.JUnitTestClassExecutor.runTestClass(JUnitTestClassExecutor.java:112)
	at org.gradle.api.internal.tasks.testing.junit.JUnitTestClassExecutor.execute(JUnitTestClassExecutor.java:58)
	at org.gradle.api.internal.tasks.testing.junit.JUnitTestClassExecutor.execute(JUnitTestClassExecutor.java:40)
	at org.gradle.api.internal.tasks.testing.junit.AbstractJUnitTestClassProcessor.processTestClass(AbstractJUnitTestClassProcessor.java:60)
	at org.gradle.api.internal.tasks.testing.SuiteTestClassProcessor.processTestClass(SuiteTestClassProcessor.java:52)
	at java.base@17.0.15/jdk.internal.reflect.NativeMethodAccessorImpl.invoke0(Native Method)
	at java.base@17.0.15/jdk.internal.reflect.NativeMethodAccessorImpl.invoke(NativeMethodAccessorImpl.java:77)
	at java.base@17.0.15/jdk.internal.reflect.DelegatingMethodAccessorImpl.invoke(DelegatingMethodAccessorImpl.java:43)
	at java.base@17.0.15/java.lang.reflect.Method.invoke(Method.java:568)
	at org.gradle.internal.dispatch.ReflectionDispatch.dispatch(ReflectionDispatch.java:36)
	at org.gradle.internal.dispatch.ReflectionDispatch.dispatch(ReflectionDispatch.java:24)
	at org.gradle.internal.dispatch.ContextClassLoaderDispatch.dispatch(ContextClassLoaderDispatch.java:33)
	at org.gradle.internal.dispatch.ProxyDispatchAdapter$DispatchingInvocationHandler.invoke(ProxyDispatchAdapter.java:94)
	at jdk.proxy1/jdk.proxy1.$Proxy2.processTestClass(Unknown Source)
	at org.gradle.api.internal.tasks.testing.worker.TestWorker$2.run(TestWorker.java:176)
	at org.gradle.api.internal.tasks.testing.worker.TestWorker.executeAndMaintainThreadName(TestWorker.java:129)
	at org.gradle.api.internal.tasks.testing.worker.TestWorker.execute(TestWorker.java:100)
	at org.gradle.api.internal.tasks.testing.worker.TestWorker.execute(TestWorker.java:60)
	at org.gradle.process.internal.worker.child.ActionExecutionWorker.execute(ActionExecutionWorker.java:56)
	at org.gradle.process.internal.worker.child.SystemApplicationClassLoaderWorker.call(SystemApplicationClassLoaderWorker.java:113)
	at org.gradle.process.internal.worker.child.SystemApplicationClassLoaderWorker.call(SystemApplicationClassLoaderWorker.java:65)
	at app//worker.org.gradle.process.internal.worker.GradleWorkerMain.run(GradleWorkerMain.java:69)
	at app//worker.org.gradle.process.internal.worker.GradleWorkerMain.main(GradleWorkerMain.java:74)
</failure>
  </testcase>
  <system-out><![CDATA[]]></system-out>
  <system-err><![CDATA[]]></system-err>
</testsuite>
