<?xml version="1.0" encoding="UTF-8"?>
<testsuite name="com.fitnessrepcounter.wear.data.repository.EntitlementRepositoryImplTest" tests="8" skipped="0" failures="0" errors="0" timestamp="2026-03-07T13:47:31" hostname="EFECAN" time="0.372">
  <properties/>
  <testcase name="refillFreeTrialsForDebug_resetsUsage_withoutUnlockingPro" classname="com.fitnessrepcounter.wear.data.repository.EntitlementRepositoryImplTest" time="0.27"/>
  <testcase name="syncBillingState_delegatesToBillingClient" classname="com.fitnessrepcounter.wear.data.repository.EntitlementRepositoryImplTest" time="0.004"/>
  <testcase name="reserveAndClearActiveTrial_preservesFreeUseWhenNeverConsumed" classname="com.fitnessrepcounter.wear.data.repository.EntitlementRepositoryImplTest" time="0.012"/>
  <testcase name="activeReservation_keepsWorkoutStartAvailable_whenFreeCountIsExhausted" classname="com.fitnessrepcounter.wear.data.repository.EntitlementRepositoryImplTest" time="0.027"/>
  <testcase name="pendingBillingPurchase_doesNotUnlockPro" classname="com.fitnessrepcounter.wear.data.repository.EntitlementRepositoryImplTest" time="0.011"/>
  <testcase name="reconcileCompletedWorkoutUsage_usesSavedWorkoutCount" classname="com.fitnessrepcounter.wear.data.repository.EntitlementRepositoryImplTest" time="0.012"/>
  <testcase name="consumeActiveTrialSession_capsAtThree_andOnlyConsumesOncePerReservation" classname="com.fitnessrepcounter.wear.data.repository.EntitlementRepositoryImplTest" time="0.028"/>
  <testcase name="ownedBillingPurchase_unlocksPro" classname="com.fitnessrepcounter.wear.data.repository.EntitlementRepositoryImplTest" time="0.006"/>
  <system-out><![CDATA[]]></system-out>
  <system-err><![CDATA[]]></system-err>
</testsuite>
