<?xml version="1.0" encoding="UTF-8"?>
<testsuite name="com.fitnessrepcounter.wear.domain.rep.ExerciseMotionProfileTest" tests="2" skipped="0" failures="0" errors="0" timestamp="2026-03-07T13:36:34" hostname="EFECAN" time="0.006">
  <properties/>
  <testcase name="profiles_are_explicit_for_activeExercises" classname="com.fitnessrepcounter.wear.domain.rep.ExerciseMotionProfileTest" time="0.004"/>
  <testcase name="supportLevels_matchProductIntent" classname="com.fitnessrepcounter.wear.domain.rep.ExerciseMotionProfileTest" time="0.002"/>
  <system-out><![CDATA[]]></system-out>
  <system-err><![CDATA[]]></system-err>
</testsuite>
