<?xml version="1.0" encoding="UTF-8"?>
<testsuite name="com.fitnessrepcounter.wear.domain.rep.RepCounterEngineTest" tests="4" skipped="0" failures="0" errors="0" timestamp="2026-03-07T13:36:34" hostname="EFECAN" time="0.001">
  <properties/>
  <testcase name="tinyMotion_isRejected" classname="com.fitnessrepcounter.wear.domain.rep.RepCounterEngineTest" time="0.0"/>
  <testcase name="validBicepsCurlSequence_confirmsSingleRep" classname="com.fitnessrepcounter.wear.domain.rep.RepCounterEngineTest" time="0.0"/>
  <testcase name="refractoryWindow_blocksImmediateSecondRep" classname="com.fitnessrepcounter.wear.domain.rep.RepCounterEngineTest" time="0.0"/>
  <testcase name="rapidSequence_isRejected" classname="com.fitnessrepcounter.wear.domain.rep.RepCounterEngineTest" time="0.0"/>
  <system-out><![CDATA[]]></system-out>
  <system-err><![CDATA[]]></system-err>
</testsuite>
